<?xml version="1.0" encoding="UTF-8"?>
<!-- Generated by org.testng.reporters.JUnitReportReporter -->
<testsuite hostname="LCE53281" failures="0" tests="2" name="rsa.Tests.LoginTests" time="20.296" errors="0" timestamp="2022-11-16T13:56:00 CET" skipped="0">
  <testcase classname="rsa.Tests.LoginTests" name="loginTest" time="9.802"/>
  <system-out/>
  <testcase classname="rsa.Tests.LoginTests" name="loginTest" time="10.494"/>
  <system-out/>
</testsuite> <!-- rsa.Tests.LoginTests -->
