<?xml version="1.0" encoding="UTF-8"?>
<!-- Generated by org.testng.reporters.JUnitReportReporter -->
<testsuite hostname="LCE53281" failures="0" tests="1" name="rsa.Tests.ErrorLoginTests" time="6.379" errors="0" timestamp="2022-11-17T14:37:01 CET" skipped="0">
  <testcase classname="rsa.Tests.ErrorLoginTests" name="wrongPasswordTest" time="6.379"/>
  <system-out/>
</testsuite> <!-- rsa.Tests.ErrorLoginTests -->
