<?xml version="1.0" encoding="UTF-8"?>
<!-- Generated by org.testng.reporters.JUnitReportReporter -->
<testsuite hostname="LCE53281" failures="0" tests="1" name="rsa.Tests.RegistrationTests" time="8.132" errors="0" timestamp="2022-11-16T13:56:00 CET" skipped="0">
  <testcase classname="rsa.Tests.RegistrationTests" name="registerTest" time="8.132"/>
  <system-out/>
</testsuite> <!-- rsa.Tests.RegistrationTests -->
