<?xml version="1.0" encoding="UTF-8"?>
<!-- Generated by org.testng.reporters.JUnitReportReporter -->
<testsuite hostname="LCE53281" failures="0" tests="6" name="rsa.Tests.ErrorRegisterTests" time="26.184" errors="0" timestamp="2022-11-17T14:37:01 CET" skipped="0">
  <testcase classname="rsa.Tests.ErrorRegisterTests" name="adultCheckboxNotSelectedTest" time="4.004"/>
  <system-out/>
  <testcase classname="rsa.Tests.ErrorRegisterTests" name="wrongEmailTest" time="4.117"/>
  <system-out/>
  <testcase classname="rsa.Tests.ErrorRegisterTests" name="wrongFirstNameTest" time="3.838"/>
  <system-out/>
  <testcase classname="rsa.Tests.ErrorRegisterTests" name="wrongConfirmPasswordTest" time="3.927"/>
  <system-out/>
  <testcase classname="rsa.Tests.ErrorRegisterTests" name="wrongPasswordTest" time="4.010"/>
  <system-out/>
  <testcase classname="rsa.Tests.ErrorRegisterTests" name="wrongPhoneNumberTest" time="6.288"/>
  <system-out/>
</testsuite> <!-- rsa.Tests.ErrorRegisterTests -->
