<?xml version="1.0" encoding="UTF-8"?>
<!-- Generated by org.testng.reporters.JUnitReportReporter -->
<testsuite hostname="LCE53281" failures="0" tests="2" name="rsa.Tests.AppTest" time="44.321" errors="0" timestamp="2022-11-16T13:56:00 CET" skipped="0">
  <testcase classname="rsa.Tests.AppTest" name="submitOrder" time="21.494"/>
  <system-out/>
  <testcase classname="rsa.Tests.AppTest" name="submitOrder" time="22.827"/>
  <system-out/>
</testsuite> <!-- rsa.Tests.AppTest -->
