<?xml version="1.0" encoding="UTF-8"?>
<!-- Generated by org.testng.reporters.JUnitReportReporter -->
<testsuite hostname="LCE53281" failures="0" tests="6" name="rsa.Tests.ErrorRegisterTests" time="45.397" errors="0" timestamp="2022-11-09T23:30:27 CET" skipped="0">
  <testcase classname="rsa.Tests.ErrorRegisterTests" name="wrongPhoneNumberTest" time="7.647"/>
  <system-out/>
  <testcase classname="rsa.Tests.ErrorRegisterTests" name="wrongFirstNameTest" time="7.512"/>
  <system-out/>
  <testcase classname="rsa.Tests.ErrorRegisterTests" name="wrongEmailTest" time="7.640"/>
  <system-out/>
  <testcase classname="rsa.Tests.ErrorRegisterTests" name="adultCheckboxNotSelectedTest" time="7.293"/>
  <system-out/>
  <testcase classname="rsa.Tests.ErrorRegisterTests" name="wrongConfirmPasswordTest" time="7.804"/>
  <system-out/>
  <testcase classname="rsa.Tests.ErrorRegisterTests" name="wrongPasswordTest" time="7.501"/>
  <system-out/>
</testsuite> <!-- rsa.Tests.ErrorRegisterTests -->
