<?xml version="1.0" encoding="UTF-8"?>
<!-- Generated by org.testng.reporters.JUnitReportReporter -->
<testsuite hostname="LCE53281" failures="0" tests="6" name="rsa.Tests.ErrorRegisterTests" time="57.762" errors="0" timestamp="2022-11-16T13:56:00 CET" skipped="0">
  <testcase classname="rsa.Tests.ErrorRegisterTests" name="adultCheckboxNotSelectedTest" time="7.892"/>
  <system-out/>
  <testcase classname="rsa.Tests.ErrorRegisterTests" name="wrongConfirmPasswordTest" time="11.334"/>
  <system-out/>
  <testcase classname="rsa.Tests.ErrorRegisterTests" name="wrongEmailTest" time="8.777"/>
  <system-out/>
  <testcase classname="rsa.Tests.ErrorRegisterTests" name="wrongPasswordTest" time="7.603"/>
  <system-out/>
  <testcase classname="rsa.Tests.ErrorRegisterTests" name="wrongFirstNameTest" time="10.456"/>
  <system-out/>
  <testcase classname="rsa.Tests.ErrorRegisterTests" name="wrongPhoneNumberTest" time="11.700"/>
  <system-out/>
</testsuite> <!-- rsa.Tests.ErrorRegisterTests -->
