<?xml version="1.0" encoding="UTF-8"?>
<!-- Generated by org.testng.reporters.JUnitReportReporter -->
<testsuite hostname="LCE53281" failures="0" tests="1" name="rsa.Tests.ErrorLoginTests" time="7.644" errors="0" timestamp="2022-11-16T22:51:19 CET" skipped="0">
  <testcase classname="rsa.Tests.ErrorLoginTests" name="wrongPasswordTest" time="7.644"/>
  <system-out/>
</testsuite> <!-- rsa.Tests.ErrorLoginTests -->
