<?xml version="1.0" encoding="UTF-8"?>
<!-- Generated by org.testng.reporters.JUnitReportReporter -->
<testsuite hostname="LCE53281" failures="0" tests="1" name="rsa.Tests.ErrorLoginTests" time="8.582" errors="0" timestamp="2022-11-09T23:30:27 CET" skipped="0">
  <testcase classname="rsa.Tests.ErrorLoginTests" name="validationTest" time="8.582"/>
  <system-out/>
</testsuite> <!-- rsa.Tests.ErrorLoginTests -->
