<?xml version="1.0" encoding="UTF-8"?>
<!-- Generated by org.testng.reporters.JUnitReportReporter -->
<testsuite hostname="LCE53281" failures="0" tests="6" name="rsa.Tests.ErrorRegisterTests" time="30.933" errors="0" timestamp="2022-11-16T22:51:19 CET" skipped="0">
  <testcase classname="rsa.Tests.ErrorRegisterTests" name="wrongPhoneNumberTest" time="4.924"/>
  <system-out/>
  <testcase classname="rsa.Tests.ErrorRegisterTests" name="adultCheckboxNotSelectedTest" time="4.863"/>
  <system-out/>
  <testcase classname="rsa.Tests.ErrorRegisterTests" name="wrongPasswordTest" time="6.728"/>
  <system-out/>
  <testcase classname="rsa.Tests.ErrorRegisterTests" name="wrongEmailTest" time="4.589"/>
  <system-out/>
  <testcase classname="rsa.Tests.ErrorRegisterTests" name="wrongFirstNameTest" time="4.716"/>
  <system-out/>
  <testcase classname="rsa.Tests.ErrorRegisterTests" name="wrongConfirmPasswordTest" time="5.113"/>
  <system-out/>
</testsuite> <!-- rsa.Tests.ErrorRegisterTests -->
